c:\work\hits\hits\debug\vc141.pdb
c:\work\hits\hits\debug\vc141.idb
c:\work\hits\hits\debug\box.obj
c:\work\hits\hits\debug\debug.obj
c:\work\hits\hits\debug\pipelinestates.obj
c:\work\hits\hits\debug\shaderparser_glsl.obj
c:\work\hits\hits\debug\displayobjectfactory_ogl.obj
c:\work\hits\hits\debug\common_oglw32_device.obj
c:\work\hits\hits\debug\common_ogl_device.obj
c:\work\hits\hits\debug\displayobjectfactory.obj
c:\work\hits\hits\debug\displayobject.obj
c:\work\hits\hits\debug\texture.obj
c:\work\hits\hits\debug\shaderprogram.obj
c:\work\hits\hits\debug\rendertarget.obj
c:\work\hits\hits\debug\buffer.obj
c:\work\hits\hits\debug\displaydevice.obj
c:\work\hits\hits\debug\metimer.obj
c:\work\hits\hits\debug\skylinebinpack.obj
c:\work\hits\hits\debug\shelfbinpack.obj
c:\work\hits\hits\debug\binpackerrect.obj
c:\work\hits\hits\debug\maxrectsbinpack.obj
c:\work\hits\hits\debug\guillotinebinpack.obj
c:\work\hits\hits\debug\inputdevice.obj
c:\work\hits\hits\debug\idevw32.obj
c:\work\hits\hits\debug\vertexdef.obj
c:\work\hits\hits\debug\serializer_base.obj
c:\work\hits\hits\debug\propertiesimpl.obj
c:\work\hits\hits\debug\objectproperties.obj
c:\work\hits\hits\debug\properties.obj
c:\work\hits\hits\debug\meobject.obj
c:\work\hits\hits\debug\meclasslib.obj
c:\work\hits\hits\debug\tinyxml2.obj
c:\work\hits\hits\debug\sbp.obj
c:\work\hits\hits\debug\medocument.obj
c:\work\hits\hits\debug\cbp.obj
c:\work\hits\hits\debug\bp.obj
c:\work\hits\hits\debug\memorypage.obj
c:\work\hits\hits\debug\spline.obj
c:\work\hits\hits\debug\mathutils.obj
c:\work\hits\hits\debug\intersection.obj
c:\work\hits\hits\debug\frustum.obj
c:\work\hits\hits\debug\curve.obj
c:\work\hits\hits\debug\vector3.obj
c:\work\hits\hits\debug\vector2.obj
c:\work\hits\hits\debug\quaternion.obj
c:\work\hits\hits\debug\plane.obj
c:\work\hits\hits\debug\matrix.obj
c:\work\hits\hits\debug\stream.obj
c:\work\hits\hits\debug\rfs.obj
c:\work\hits\hits\debug\paths.obj
c:\work\hits\hits\debug\nfs.obj
c:\work\hits\hits\debug\mfs.obj
c:\work\hits\hits\debug\mefiles.obj
c:\work\hits\hits\debug\fsa.obj
c:\work\hits\hits\debug\filestreamw32.obj
c:\work\hits\hits\debug\dfs.obj
c:\work\hits\hits\debug\cfs.obj
c:\work\hits\hits\debug\sounddevice.obj
c:\work\hits\hits\debug\medevices.obj
c:\work\hits\hits\debug\medevice.obj
c:\work\hits\hits\debug\mousew32.obj
c:\work\hits\hits\debug\keyboardw32.obj
c:\work\hits\hits\debug\documentrender.obj
c:\work\hits\hits\debug\canvassurface.obj
c:\work\hits\hits\debug\meapplication.obj
c:\work\hits\hits\debug\lodepng.obj
c:\work\hits\hits\debug\mevieww32.obj
c:\work\hits\hits\debug\meview.obj
c:\work\hits\hits\debug\base64.obj
c:\work\hits\hits\debug\treeleaf.obj
c:\work\hits\hits\debug\stringbuilder.obj
c:\work\hits\hits\debug\rect.obj
c:\work\hits\hits\debug\mestringhash.obj
c:\work\hits\hits\debug\mestring.obj
c:\work\hits\hits\debug\namedmask.obj
c:\work\hits\hits\debug\colorhsb.obj
c:\work\hits\hits\debug\color.obj
c:\work\hits\hits\debug\color255.obj
c:\work\hits\hits\debug\framestats.obj
c:\work\hits\hits\debug\mesystemclock.obj
c:\work\hits\hits\debug\operators.obj
c:\work\hits\hits\debug\memtracker.obj
c:\work\hits\hits\debug\font.obj
c:\work\hits\hits\debug\standardcamerabackend.obj
c:\work\hits\hits\debug\shadowmappingbackend.obj
c:\work\hits\hits\debug\renderpathforward.obj
c:\work\hits\hits\debug\renderpath.obj
c:\work\hits\hits\debug\streamingbuffers.obj
c:\work\hits\hits\debug\renderer.obj
c:\work\hits\hits\debug\input.obj
c:\work\hits\hits\debug\transform.obj
c:\work\hits\hits\debug\irenderable.obj
c:\work\hits\hits\debug\mescript.obj
c:\work\hits\hits\debug\gameobject.obj
c:\work\hits\hits\debug\component.obj
c:\work\hits\hits\debug\texttruetype.obj
c:\work\hits\hits\debug\screen.obj
c:\work\hits\hits\debug\renderstocanvas.obj
c:\work\hits\hits\debug\recttransform.obj
c:\work\hits\hits\debug\inputeventsreceiver.obj
c:\work\hits\hits\debug\inputeventsmanager.obj
c:\work\hits\hits\debug\image.obj
c:\work\hits\hits\debug\camerarender.obj
c:\work\hits\hits\debug\camerafrontend.obj
c:\work\hits\hits\debug\camerabackend.obj
c:\work\hits\hits\debug\camera.obj
c:\work\hits\hits\debug\textdata.obj
c:\work\hits\hits\debug\shaderproxy.obj
c:\work\hits\hits\debug\shaderfile.obj
c:\work\hits\hits\debug\shaderbuilder.obj
c:\work\hits\hits\debug\resourcefile.obj
c:\work\hits\hits\debug\resourcecontext.obj
c:\work\hits\hits\debug\rawdata.obj
c:\work\hits\hits\debug\fbxmodel.obj
c:\work\hits\hits\debug\materialcomponent.obj
c:\work\hits\hits\debug\material.obj
c:\work\hits\hits\debug\imagefile.obj
c:\work\hits\hits\debug\imagedecoder.obj
c:\work\hits\hits\debug\pngdecoder.obj
c:\work\hits\hits\debug\fonttruetype.obj
c:\work\hits\hits\debug\systemfontw32.obj
c:\work\hits\hits\debug\text.obj
c:\work\hits\hits\debug\stdwindow.obj
c:\work\hits\hits\debug\stdtreeview.obj
c:\work\hits\hits\debug\displayfps.obj
c:\work\hits\hits\debug\fpscamcontroller.obj
c:\work\hits\hits\debug\entry_point.obj
c:\work\hits\hits\debug\window.obj
c:\work\hits\hits\debug\widget.obj
c:\work\hits\hits\debug\editbox.obj
c:\work\hits\hits\debug\desktoptheme.obj
c:\work\hits\hits\debug\desktop.obj
c:\work\hits\hits\debug\tweenfunc.obj
c:\work\hits\hits\debug\metween.obj
c:\work\hits\hits\debug\time.obj
c:\work\hits\hits\debug\meshell.obj
c:\work\hits\hits\debug\sceneroot.obj
c:\work\hits\hits\debug\primitives.obj
c:\work\hits\hits\debug\meshrenderer.obj
c:\work\hits\hits\debug\meshcomponent.obj
c:\work\hits\hits\debug\meshcollection.obj
c:\work\hits\hits\debug\light.obj
c:\work\hits\hits\debug\testapp.obj
c:\work\hits\hits\debug\hits.exe
c:\work\hits\hits\debug\hits.pdb
c:\work\hits\hits\debug\hits.res
c:\work\hits\hits\debug\hits.vcxprojresolveassemblyreference.cache
c:\work\hits\hits\debug\hits.tlog\cl.command.1.tlog
c:\work\hits\hits\debug\hits.tlog\cl.read.1.tlog
c:\work\hits\hits\debug\hits.tlog\cl.write.1.tlog
c:\work\hits\hits\debug\hits.tlog\link.command.1.tlog
c:\work\hits\hits\debug\hits.tlog\link.read.1.tlog
c:\work\hits\hits\debug\hits.tlog\link.write.1.tlog
c:\work\hits\hits\debug\hits.tlog\rc.command.1.tlog
c:\work\hits\hits\debug\hits.tlog\rc.read.1.tlog
c:\work\hits\hits\debug\hits.tlog\rc.write.1.tlog
